<?xml version="1.0" encoding="UTF-8" ?>
<testsuite failures="0" time="0.081" errors="0" skipped="0" tests="15" name="testPackage.locatonsMockTest">
  <properties>
    <property name="java.runtime.name" value="Java(TM) SE Runtime Environment"/>
    <property name="sun.boot.library.path" value="C:\Program Files\Java\jdk1.7.0_80\jre\bin"/>
    <property name="java.vm.version" value="24.80-b11"/>
    <property name="java.vm.vendor" value="Oracle Corporation"/>
    <property name="java.vendor.url" value="http://java.oracle.com/"/>
    <property name="path.separator" value=";"/>
    <property name="guice.disable.misplaced.annotation.check" value="true"/>
    <property name="java.vm.name" value="Java HotSpot(TM) 64-Bit Server VM"/>
    <property name="file.encoding.pkg" value="sun.io"/>
    <property name="user.script" value=""/>
    <property name="user.country" value="GR"/>
    <property name="sun.java.launcher" value="SUN_STANDARD"/>
    <property name="sun.os.patch.level" value=""/>
    <property name="java.vm.specification.name" value="Java Virtual Machine Specification"/>
    <property name="user.dir" value="C:\Users\Gomesito\Documents\GitHub\Farmerama"/>
    <property name="java.runtime.version" value="1.7.0_80-b15"/>
    <property name="java.awt.graphicsenv" value="sun.awt.Win32GraphicsEnvironment"/>
    <property name="java.endorsed.dirs" value="C:\Program Files\Java\jdk1.7.0_80\jre\lib\endorsed"/>
    <property name="os.arch" value="amd64"/>
    <property name="java.io.tmpdir" value="C:\Users\Gomesito\AppData\Local\Temp\"/>
    <property name="line.separator" value="
"/>
    <property name="java.vm.specification.vendor" value="Oracle Corporation"/>
    <property name="user.variant" value=""/>
    <property name="os.name" value="Windows 8.1"/>
    <property name="maven.ext.class.path" value="C:\Program Files\NetBeans 8.0.2\java\maven-nblib\netbeans-eventspy.jar"/>
    <property name="classworlds.conf" value="C:\Program Files\NetBeans 8.0.2\java\maven\bin\m2.conf"/>
    <property name="sun.jnu.encoding" value="Cp1253"/>
    <property name="java.library.path" value="C:\Program Files\Java\jdk1.7.0_80\bin;C:\WINDOWS\Sun\Java\bin;C:\WINDOWS\system32;C:\WINDOWS;C:\Program Files (x86)\Intel\iCLS Client\;C:\Program Files\Intel\iCLS Client\;C:\WINDOWS\system32;C:\WINDOWS;C:\WINDOWS\System32\Wbem;C:\WINDOWS\System32\WindowsPowerShell\v1.0\;C:\Program Files\Intel\Intel(R) Management Engine Components\DAL;C:\Program Files (x86)\Intel\Intel(R) Management Engine Components\DAL;C:\Program Files\Intel\Intel(R) Management Engine Components\IPT;C:\Program Files (x86)\Intel\Intel(R) Management Engine Components\IPT;C:\Program Files (x86)\AMD\ATI.ACE\Core-Static;C:\Program Files (x86)\ATI Technologies\ATI.ACE\Core-Static;C:\Program Files\MATLAB\MATLAB Production Server\R2015a\runtime\win64;C:\Program Files\MATLAB\MATLAB Production Server\R2015a\bin;C:\Program Files\MATLAB\MATLAB Production Server\R2015a\polyspace\bin;C:\Program Files\nodejs;C:\Program Files\nodejs\;C:\Program Files\Microsoft SQL Server\110\Tools\Binn\;c:\Program Files (x86)\Microsoft SQL Server\100\Tools\Binn\;c:\Program Files\Microsoft SQL Server\100\Tools\Binn\;c:\Program Files\Microsoft SQL Server\100\DTS\Binn\;C:\Program Files (x86)\Microchip\MPLAB C32 Suite\bin;C:\Program Files (x86)\Skype\Phone\;C:\Users\Gomesito\AppData\Roaming\npm;."/>
    <property name="java.specification.name" value="Java Platform API Specification"/>
    <property name="java.class.version" value="51.0"/>
    <property name="sun.management.compiler" value="HotSpot 64-Bit Tiered Compilers"/>
    <property name="os.version" value="6.3"/>
    <property name="user.home" value="C:\Users\Gomesito"/>
    <property name="user.timezone" value="Europe/Athens"/>
    <property name="java.awt.printerjob" value="sun.awt.windows.WPrinterJob"/>
    <property name="java.specification.version" value="1.7"/>
    <property name="file.encoding" value="UTF-8"/>
    <property name="user.name" value="Gomesito"/>
    <property name="java.class.path" value="C:\Program Files\NetBeans 8.0.2\java\maven\boot\plexus-classworlds-2.4.jar"/>
    <property name="java.vm.specification.version" value="1.7"/>
    <property name="sun.arch.data.model" value="64"/>
    <property name="java.home" value="C:\Program Files\Java\jdk1.7.0_80\jre"/>
    <property name="sun.java.command" value="org.codehaus.plexus.classworlds.launcher.Launcher -Dmaven.ext.class.path=C:\Program Files\NetBeans 8.0.2\java\maven-nblib\netbeans-eventspy.jar -Dfile.encoding=UTF-8 clean install"/>
    <property name="java.specification.vendor" value="Oracle Corporation"/>
    <property name="user.language" value="el"/>
    <property name="awt.toolkit" value="sun.awt.windows.WToolkit"/>
    <property name="java.vm.info" value="mixed mode"/>
    <property name="java.version" value="1.7.0_80"/>
    <property name="java.ext.dirs" value="C:\Program Files\Java\jdk1.7.0_80\jre\lib\ext;C:\WINDOWS\Sun\Java\lib\ext"/>
    <property name="sun.boot.class.path" value="C:\Program Files\Java\jdk1.7.0_80\jre\lib\resources.jar;C:\Program Files\Java\jdk1.7.0_80\jre\lib\rt.jar;C:\Program Files\Java\jdk1.7.0_80\jre\lib\sunrsasign.jar;C:\Program Files\Java\jdk1.7.0_80\jre\lib\jsse.jar;C:\Program Files\Java\jdk1.7.0_80\jre\lib\jce.jar;C:\Program Files\Java\jdk1.7.0_80\jre\lib\charsets.jar;C:\Program Files\Java\jdk1.7.0_80\jre\lib\jfr.jar;C:\Program Files\Java\jdk1.7.0_80\jre\classes"/>
    <property name="java.vendor" value="Oracle Corporation"/>
    <property name="maven.home" value="C:\Program Files\NetBeans 8.0.2\java\maven"/>
    <property name="file.separator" value="\"/>
    <property name="java.vendor.url.bug" value="http://bugreport.sun.com/bugreport/"/>
    <property name="sun.cpu.endian" value="little"/>
    <property name="sun.io.unicode.encoding" value="UnicodeLittle"/>
    <property name="sun.desktop" value="windows"/>
    <property name="sun.cpu.isalist" value="amd64"/>
  </properties>
  <testcase time="0.004" classname="testPackage.locatonsMockTest" name="testGetLocSmallLat"/>
  <testcase time="0.001" classname="testPackage.locatonsMockTest" name="testGetLocZeroLatLng"/>
  <testcase time="0" classname="testPackage.locatonsMockTest" name="testGetLocBigNegLat"/>
  <testcase time="0" classname="testPackage.locatonsMockTest" name="testGetLocBigLat"/>
  <testcase time="0" classname="testPackage.locatonsMockTest" name="testGetLocNegLat1"/>
  <testcase time="0" classname="testPackage.locatonsMockTest" name="testGetLocBigNegLngBigLat"/>
  <testcase time="0" classname="testPackage.locatonsMockTest" name="testGetLocZeroLat"/>
  <testcase time="0" classname="testPackage.locatonsMockTest" name="testGetLocZeroLat2"/>
  <testcase time="0" classname="testPackage.locatonsMockTest" name="testGetLocBigNegLng"/>
  <testcase time="0.001" classname="testPackage.locatonsMockTest" name="testGetLocBigNegLa2t"/>
  <testcase time="0" classname="testPackage.locatonsMockTest" name="testGetLocSmallLat1"/>
  <testcase time="0" classname="testPackage.locatonsMockTest" name="testGetLocBigNegLng2"/>
  <testcase time="0" classname="testPackage.locatonsMockTest" name="testGetLocNegLat"/>
  <testcase time="0" classname="testPackage.locatonsMockTest" name="testGetLocZeroLat1"/>
  <testcase time="0" classname="testPackage.locatonsMockTest" name="testGetLocBigLngBigLat2"/>
</testsuite>